C:\WINDOWS\TEMP\AEXAM\AEX155.TMP
C:\WINDOWS\TEMP\AEXAM\AEX17D2.TMP
C:\WINDOWS\TEMP\AEXAM\AEX2653.TMP
C:\WINDOWS\TEMP\AEXAM\AEX2AF4.TMP
C:\WINDOWS\TEMP\AEXAM\AEX2D27.TMP
C:\WINDOWS\TEMP\AEXAM\AEX310D.TMP
C:\WINDOWS\TEMP\AEXAM\AEX329.TMP
C:\WINDOWS\TEMP\AEXAM\AEX3BD5.TMP
C:\WINDOWS\TEMP\AEXAM\AEX4103.TMP
C:\WINDOWS\TEMP\AEXAM\AEX4299.TMP
C:\WINDOWS\TEMP\AEXAM\AEX42F7.TMP
C:\WINDOWS\TEMP\AEXAM\AEX4529.TMP
C:\WINDOWS\TEMP\AEXAM\AEX461.TMP
C:\WINDOWS\TEMP\AEXAM\AEX48E0.TMP
C:\WINDOWS\TEMP\AEXAM\AEX4910.TMP
C:\WINDOWS\TEMP\AEXAM\AEX4A86.TMP
C:\WINDOWS\TEMP\AEXAM\AEX4CF5.TMP
C:\WINDOWS\TEMP\AEXAM\AEX53C8.TMP
C:\WINDOWS\TEMP\AEXAM\AEX5687.TMP
C:\WINDOWS\TEMP\AEXAM\AEX59E1.TMP
C:\WINDOWS\TEMP\AEXAM\AEX5B56.TMP
C:\WINDOWS\TEMP\AEXAM\AEX5BD3.TMP
C:\WINDOWS\TEMP\AEXAM\AEX6343.TMP
C:\WINDOWS\TEMP\AEXAM\AEX63B1.TMP
C:\WINDOWS\TEMP\AEXAM\AEX68FD.TMP
C:\WINDOWS\TEMP\AEXAM\AEX6C19.TMP
C:\WINDOWS\TEMP\AEXAM\AEX6F07.TMP
C:\WINDOWS\TEMP\AEXAM\AEX7232.TMP
C:\WINDOWS\TEMP\AEXAM\AEX7398.TMP
C:\WINDOWS\TEMP\AEXAM\AEX7443.TMP
C:\WINDOWS\TEMP\AEXAM\AEX7990.TMP
C:\WINDOWS\TEMP\AEXAM\AEX79C0.TMP
C:\WINDOWS\TEMP\AEXAM\AEX7C30.TMP
C:\WINDOWS\TEMP\AEXAM\AEX7EFC.TMP
C:\WINDOWS\TEMP\AEXAM\AEX817D.TMP
C:\WINDOWS\TEMP\AEXAM\AEX81F9.TMP
C:\WINDOWS\TEMP\AEXAM\AEX86CA.TMP
C:\WINDOWS\TEMP\AEXAM\AEX8812.TMP
C:\WINDOWS\TEMP\AEXAM\AEX8E87.TMP
C:\WINDOWS\TEMP\AEXAM\AEX932.TMP
C:\WINDOWS\TEMP\AEXAM\AEX93B5.TMP
C:\WINDOWS\TEMP\AEXAM\AEX9413.TMP
C:\WINDOWS\TEMP\AEXAM\AEX9655.TMP
C:\WINDOWS\TEMP\AEXAM\AEX9B83.TMP
C:\WINDOWS\TEMP\AEXAM\AEX9D09.TMP
C:\WINDOWS\TEMP\AEXAM\AEX9D37.TMP
C:\WINDOWS\TEMP\AEXAM\AEX9FC6.TMP
C:\WINDOWS\TEMP\AEXAM\AEXA34F.TMP
C:\WINDOWS\TEMP\AEXAM\AEXA3DB.TMP
C:\WINDOWS\TEMP\AEXAM\AEXA6F7.TMP
C:\WINDOWS\TEMP\AEXAM\AEXA7A3.TMP
C:\WINDOWS\TEMP\AEXAM\AEXAB99.TMP
C:\WINDOWS\TEMP\AEXAM\AEXAD2F.TMP
C:\WINDOWS\TEMP\AEXAM\AEXB0A6.TMP
C:\WINDOWS\TEMP\AEXAM\AEXB45.TMP
C:\WINDOWS\TEMP\AEXAM\AEXB662.TMP
C:\WINDOWS\TEMP\AEXAM\AEXB96D.TMP
C:\WINDOWS\TEMP\AEXAM\AEXC15A.TMP
C:\WINDOWS\TEMP\AEXAM\AEXC2F.TMP
C:\WINDOWS\TEMP\AEXAM\AEXCE93.TMP
C:\WINDOWS\TEMP\AEXAM\AEXD0C4.TMP
C:\WINDOWS\TEMP\AEXAM\AEXD1DC.TMP
C:\WINDOWS\TEMP\AEXAM\AEXD4AC.TMP
C:\WINDOWS\TEMP\AEXAM\AEXD99A.TMP
C:\WINDOWS\TEMP\AEXAM\AEXD9C9.TMP
C:\WINDOWS\TEMP\AEXAM\AEXD9E9.TMP
C:\WINDOWS\TEMP\AEXAM\AEXDA55.TMP
C:\WINDOWS\TEMP\AEXAM\AEXE178.TMP
C:\WINDOWS\TEMP\AEXAM\AEXE252.TMP
C:\WINDOWS\TEMP\AEXAM\AEXE435.TMP
C:\WINDOWS\TEMP\AEXAM\AEXE6E2.TMP
C:\WINDOWS\TEMP\AEXAM\AEXE741.TMP
C:\WINDOWS\TEMP\AEXAM\AEXE78E.TMP
C:\WINDOWS\TEMP\AEXAM\AEXE8B7.TMP
C:\WINDOWS\TEMP\AEXAM\AEXEA5D.TMP
C:\WINDOWS\TEMP\AEXAM\AEXED69.TMP
C:\WINDOWS\TEMP\AEXAM\AEXEE62.TMP
C:\WINDOWS\TEMP\AEXAM\AEXEECF.TMP
C:\WINDOWS\TEMP\AEXAM\AEXEF6C.TMP
C:\WINDOWS\TEMP\AEXAM\AEXF0B4.TMP
C:\WINDOWS\TEMP\AEXAM\AEXF64F.TMP
C:\WINDOWS\TEMP\AEXAM\AEXFF5.TMP
D:\PROJECTS\MAKEDEPEND\MAKEDEPEND\X64\DEBUG\BUILDDEPEND.OBJ
d:\Projects\makedepend\makedepend\x64\Debug\cl.command.1.tlog
d:\Projects\makedepend\makedepend\x64\Debug\CL.read.1.tlog
d:\Projects\makedepend\makedepend\x64\Debug\CL.write.1.tlog
D:\PROJECTS\MAKEDEPEND\MAKEDEPEND\X64\DEBUG\MAIN.OBJ
d:\Projects\makedepend\makedepend\x64\Debug\vc100.idb
D:\PROJECTS\MAKEDEPEND\MAKEDEPEND\X64\DEBUG\VC100.PDB
