Build started 9/21/2012 11:05:14 AM.
     1>Project "d:\Projects\makedepend\makedepend\makedepend.vcxproj" on node 2 (build target(s)).
     1>InitializeBuildStatus:
         Touching "x64\Debug\makedepend.unsuccessfulbuild".
       ClCompile:
         C:\Program Files (x86)\Microsoft Visual Studio 10.0\VC\bin\x86_amd64\CL.exe /c /Zi /nologo /W3 /WX- /Od /D WIN32 /D _DEBUG /D _CONSOLE /D _UNICODE /D UNICODE /Gm /EHsc /RTC1 /MDd /GS /fp:precise /Zc:wchar_t /Zc:forScope /Fo"x64\Debug\\" /Fd"x64\Debug\vc100.pdb" /Gd /TP /errorReport:prompt BuildDepend.cpp
         BuildDepend.cpp
       ManifestResourceCompile:
         All outputs are up-to-date.
       Link:
         C:\Program Files (x86)\Microsoft Visual Studio 10.0\VC\bin\x86_amd64\link.exe /ERRORREPORT:PROMPT /OUT:"d:\Projects\makedepend\x64\Debug\makedepend.exe" /INCREMENTAL /NOLOGO kernel32.lib user32.lib gdi32.lib winspool.lib comdlg32.lib advapi32.lib shell32.lib ole32.lib oleaut32.lib uuid.lib odbc32.lib odbccp32.lib /MANIFEST /ManifestFile:"x64\Debug\makedepend.exe.intermediate.manifest" /MANIFESTUAC:"level='asInvoker' uiAccess='false'" /DEBUG /PDB:"d:\Projects\makedepend\x64\Debug\makedepend.pdb" /SUBSYSTEM:CONSOLE /TLBID:1 /DYNAMICBASE /NXCOMPAT /IMPLIB:"d:\Projects\makedepend\x64\Debug\makedepend.lib" /MACHINE:X64 x64\Debug\makedepend.exe.embed.manifest.res
         x64\Debug\BuildDepend.obj
         x64\Debug\DependencyGenerator.obj
         x64\Debug\main.obj
         makedepend.vcxproj -> d:\Projects\makedepend\x64\Debug\makedepend.exe
       Manifest:
         C:\Program Files (x86)\Microsoft SDKs\Windows\v7.0A\bin\mt.exe /nologo /verbose /out:"x64\Debug\makedepend.exe.embed.manifest" /manifest x64\Debug\makedepend.exe.intermediate.manifest
         All outputs are up-to-date.
       LinkEmbedManifest:
         All outputs are up-to-date.
         makedepend.vcxproj -> d:\Projects\makedepend\x64\Debug\makedepend.exe
       FinalizeBuildStatus:
         Deleting file "x64\Debug\makedepend.unsuccessfulbuild".
         Touching "x64\Debug\makedepend.lastbuildstate".
     1>Done Building Project "d:\Projects\makedepend\makedepend\makedepend.vcxproj" (build target(s)).

Build succeeded.

Time Elapsed 00:00:07.81
